1621888522174	geckodriver	INFO	Listening on 127.0.0.1:62599
1621888525194	mozrunner::runner	INFO	Running command: "C:\\Program Files\\Mozilla Firefox\\firefox.exe" "--marionette" "-foreground" "-no-remote" "-profile" "C:\\Users\\Usuario\\AppData\\Local\\Temp\\rust_mozprofileawRGJJ"
[Parent 19060, IPC I/O Parent] WARNING: file /builds/worker/checkouts/gecko/ipc/chromium/src/base/process_util_win.cc:167
console.warn: SearchSettings: "get: No settings file exists, new profile?" (new Error("", "(unknown module)"))
1621888549771	Marionette	INFO	Listening on port 62608
1621888550327	Marionette	WARN	TLS certificate errors will be ignored for this session
1621888582083	Marionette	WARN	TimedPromise timed out after 500 ms: stacktrace:
TimedPromise/<@chrome://marionette/content/sync.js:231:19
TimedPromise@chrome://marionette/content/sync.js:216:10
interaction.flushEventLoop@chrome://marionette/content/interaction.js:433:10
webdriverClickElement@chrome://marionette/content/interaction.js:179:31
1621952337954	geckodriver	INFO	Listening on 127.0.0.1:65340
1621952341008	mozrunner::runner	INFO	Running command: "C:\\Program Files\\Mozilla Firefox\\firefox.exe" "--marionette" "-foreground" "-no-remote" "-profile" "C:\\Users\\Usuario\\AppData\\Local\\Temp\\rust_mozprofileaal1rS"
console.warn: SearchSettings: "get: No settings file exists, new profile?" (new Error("", "(unknown module)"))
console.error: Region.jsm: "Error fetching region" (new AbortError("The operation was aborted. ", (void 0), 770))
console.error: Region.jsm: "Failed to fetch region" (new Error("NO_RESULT", "resource://gre/modules/Region.jsm", 419))
1621952366516	Marionette	INFO	Listening on port 65348
1621952366948	Marionette	WARN	TLS certificate errors will be ignored for this session
1621952400585	Marionette	WARN	TimedPromise timed out after 500 ms: stacktrace:
TimedPromise/<@chrome://marionette/content/sync.js:231:19
TimedPromise@chrome://marionette/content/sync.js:216:10
interaction.flushEventLoop@chrome://marionette/content/interaction.js:433:10
webdriverClickElement@chrome://marionette/content/interaction.js:179:31
1621952602670	geckodriver	INFO	Listening on 127.0.0.1:65442
1621952605748	mozrunner::runner	INFO	Running command: "C:\\Program Files\\Mozilla Firefox\\firefox.exe" "--marionette" "-foreground" "-no-remote" "-profile" "C:\\Users\\Usuario\\AppData\\Local\\Temp\\rust_mozprofilePztQDh"
console.warn: SearchSettings: "get: No settings file exists, new profile?" (new Error("", "(unknown module)"))
1621952610834	Marionette	INFO	Listening on port 65450
1621952611070	Marionette	WARN	TLS certificate errors will be ignored for this session
1621952640585	Marionette	WARN	TimedPromise timed out after 500 ms: stacktrace:
TimedPromise/<@chrome://marionette/content/sync.js:231:19
TimedPromise@chrome://marionette/content/sync.js:216:10
interaction.flushEventLoop@chrome://marionette/content/interaction.js:433:10
webdriverClickElement@chrome://marionette/content/interaction.js:179:31
1621955366350	geckodriver	INFO	Listening on 127.0.0.1:49520
1621955369417	mozrunner::runner	INFO	Running command: "C:\\Program Files\\Mozilla Firefox\\firefox.exe" "--marionette" "-foreground" "-no-remote" "-profile" "C:\\Users\\Usuario\\AppData\\Local\\Temp\\rust_mozprofilenVtIIy"
console.warn: SearchSettings: "get: No settings file exists, new profile?" (new Error("", "(unknown module)"))
1621955375168	Marionette	INFO	Listening on port 49528
1621955375310	Marionette	WARN	TLS certificate errors will be ignored for this session
1621955404251	Marionette	WARN	TimedPromise timed out after 500 ms: stacktrace:
TimedPromise/<@chrome://marionette/content/sync.js:231:19
TimedPromise@chrome://marionette/content/sync.js:216:10
interaction.flushEventLoop@chrome://marionette/content/interaction.js:433:10
webdriverClickElement@chrome://marionette/content/interaction.js:179:31
JavaScript error: resource://gre/actors/PictureInPictureChild.jsm, line 571: TypeError: this.contentWindow is null
JavaScript error: resource://gre/actors/PictureInPictureChild.jsm, line 227: InvalidStateError: JSWindowActorChild.document getter: Cannot access property 'document' after actor 'PictureInPictureToggle' has been destroyed
1621955447095	Marionette	WARN	TimedPromise timed out after 500 ms: stacktrace:
TimedPromise/<@chrome://marionette/content/sync.js:231:19
TimedPromise@chrome://marionette/content/sync.js:216:10
interaction.flushEventLoop@chrome://marionette/content/interaction.js:433:10
webdriverClickElement@chrome://marionette/content/interaction.js:179:31
JavaScript error: resource://gre/actors/PictureInPictureChild.jsm, line 571: TypeError: this.contentWindow is null
JavaScript error: resource://gre/actors/PictureInPictureChild.jsm, line 227: InvalidStateError: JSWindowActorChild.document getter: Cannot access property 'document' after actor 'PictureInPictureToggle' has been destroyed
1621955494789	Marionette	WARN	TimedPromise timed out after 500 ms: stacktrace:
TimedPromise/<@chrome://marionette/content/sync.js:231:19
TimedPromise@chrome://marionette/content/sync.js:216:10
interaction.flushEventLoop@chrome://marionette/content/interaction.js:433:10
webdriverClickElement@chrome://marionette/content/interaction.js:179:31
JavaScript error: resource://gre/actors/PictureInPictureChild.jsm, line 455: TypeError: this.contentWindow is null
JavaScript error: resource://gre/actors/PictureInPictureChild.jsm, line 571: TypeError: this.contentWindow is null
1621955543509	Marionette	WARN	TimedPromise timed out after 500 ms: stacktrace:
TimedPromise/<@chrome://marionette/content/sync.js:231:19
TimedPromise@chrome://marionette/content/sync.js:216:10
interaction.flushEventLoop@chrome://marionette/content/interaction.js:433:10
webdriverClickElement@chrome://marionette/content/interaction.js:179:31
1621955610940	geckodriver	INFO	Listening on 127.0.0.1:49605
1621955613962	mozrunner::runner	INFO	Running command: "C:\\Program Files\\Mozilla Firefox\\firefox.exe" "--marionette" "-foreground" "-no-remote" "-profile" "C:\\Users\\Usuario\\AppData\\Local\\Temp\\rust_mozprofile6N4Ut9"
console.warn: SearchSettings: "get: No settings file exists, new profile?" (new Error("", "(unknown module)"))
1621955619356	Marionette	INFO	Listening on port 49613
1621955619805	Marionette	WARN	TLS certificate errors will be ignored for this session
1621955646137	Marionette	WARN	TimedPromise timed out after 500 ms: stacktrace:
TimedPromise/<@chrome://marionette/content/sync.js:231:19
TimedPromise@chrome://marionette/content/sync.js:216:10
interaction.flushEventLoop@chrome://marionette/content/interaction.js:433:10
webdriverClickElement@chrome://marionette/content/interaction.js:179:31
JavaScript error: resource://gre/actors/PictureInPictureChild.jsm, line 571: TypeError: this.contentWindow is null
JavaScript error: resource://gre/actors/PictureInPictureChild.jsm, line 227: InvalidStateError: JSWindowActorChild.document getter: Cannot access property 'document' after actor 'PictureInPictureToggle' has been destroyed
1621955698149	Marionette	WARN	TimedPromise timed out after 500 ms: stacktrace:
TimedPromise/<@chrome://marionette/content/sync.js:231:19
TimedPromise@chrome://marionette/content/sync.js:216:10
interaction.flushEventLoop@chrome://marionette/content/interaction.js:433:10
webdriverClickElement@chrome://marionette/content/interaction.js:179:31
A content process crashed and MOZ_CRASHREPORTER_SHUTDOWN is set, shutting down
1621955911848	geckodriver	INFO	Listening on 127.0.0.1:49701
1621955914912	mozrunner::runner	INFO	Running command: "C:\\Program Files\\Mozilla Firefox\\firefox.exe" "--marionette" "-foreground" "-no-remote" "-profile" "C:\\Users\\Usuario\\AppData\\Local\\Temp\\rust_mozprofileGXqlKB"
console.warn: SearchSettings: "get: No settings file exists, new profile?" (new Error("", "(unknown module)"))
1621955919582	Marionette	INFO	Listening on port 49710
1621955919713	Marionette	WARN	TLS certificate errors will be ignored for this session
1621955946583	Marionette	WARN	TimedPromise timed out after 500 ms: stacktrace:
TimedPromise/<@chrome://marionette/content/sync.js:231:19
TimedPromise@chrome://marionette/content/sync.js:216:10
interaction.flushEventLoop@chrome://marionette/content/interaction.js:433:10
webdriverClickElement@chrome://marionette/content/interaction.js:179:31
JavaScript error: resource://gre/actors/PictureInPictureChild.jsm, line 571: TypeError: this.contentWindow is null
1621955994193	Marionette	WARN	TimedPromise timed out after 500 ms: stacktrace:
TimedPromise/<@chrome://marionette/content/sync.js:231:19
TimedPromise@chrome://marionette/content/sync.js:216:10
interaction.flushEventLoop@chrome://marionette/content/interaction.js:433:10
webdriverClickElement@chrome://marionette/content/interaction.js:179:31
JavaScript error: resource://gre/actors/PictureInPictureChild.jsm, line 571: TypeError: this.contentWindow is null
1621956042966	Marionette	WARN	TimedPromise timed out after 500 ms: stacktrace:
TimedPromise/<@chrome://marionette/content/sync.js:231:19
TimedPromise@chrome://marionette/content/sync.js:216:10
interaction.flushEventLoop@chrome://marionette/content/interaction.js:433:10
webdriverClickElement@chrome://marionette/content/interaction.js:179:31
1622768474290	geckodriver	INFO	Listening on 127.0.0.1:55700
1622915561330	geckodriver	INFO	Listening on 127.0.0.1:56801
1622915564370	mozrunner::runner	INFO	Running command: "C:\\Program Files\\Mozilla Firefox\\firefox.exe" "--marionette" "-foreground" "-no-remote" "-profile" "C:\\Users\\Usuario\\AppData\\Local\\Temp\\rust_mozprofileuZ1BqZ"
1622915565467	Marionette	INFO	Marionette enabled
console.warn: SearchSettings: "get: No settings file exists, new profile?" (new Error("", "(unknown module)"))
1622915569490	Marionette	INFO	Listening on port 56809
1622915569753	Marionette	WARN	TLS certificate errors will be ignored for this session
[Parent 11020, IPC I/O Parent] WARNING: file /builds/worker/checkouts/gecko/ipc/chromium/src/base/process_util_win.cc:167
1622915582682	Marionette	INFO	Stopped listening on port 56809

###!!! [Child][RunMessage] Error: Channel closing: too late to send/recv, messages will be lost

